ARM GAS  /tmp/ccRrPvd1.s 			page 1


   1              		.cpu cortex-m4
   2              		.eabi_attribute 27, 1
   3              		.eabi_attribute 28, 1
   4              		.eabi_attribute 20, 1
   5              		.eabi_attribute 21, 1
   6              		.eabi_attribute 23, 3
   7              		.eabi_attribute 24, 1
   8              		.eabi_attribute 25, 1
   9              		.eabi_attribute 26, 1
  10              		.eabi_attribute 30, 1
  11              		.eabi_attribute 34, 1
  12              		.eabi_attribute 18, 4
  13              		.file	"stm32l4xx_hal_i2c_ex.c"
  14              		.text
  15              	.Ltext0:
  16              		.cfi_sections	.debug_frame
  17              		.section	.text.HAL_I2CEx_ConfigAnalogFilter,"ax",%progbits
  18              		.align	1
  19              		.global	HAL_I2CEx_ConfigAnalogFilter
  20              		.syntax unified
  21              		.thumb
  22              		.thumb_func
  23              		.fpu fpv4-sp-d16
  25              	HAL_I2CEx_ConfigAnalogFilter:
  26              	.LFB284:
  27              		.file 1 "Drivers/STM32L4xx_HAL_Driver/Src/stm32l4xx_hal_i2c_ex.c"
   1:Drivers/STM32L4xx_HAL_Driver/Src/stm32l4xx_hal_i2c_ex.c **** /**
   2:Drivers/STM32L4xx_HAL_Driver/Src/stm32l4xx_hal_i2c_ex.c ****   ******************************************************************************
   3:Drivers/STM32L4xx_HAL_Driver/Src/stm32l4xx_hal_i2c_ex.c ****   * @file    stm32l4xx_hal_i2c_ex.c
   4:Drivers/STM32L4xx_HAL_Driver/Src/stm32l4xx_hal_i2c_ex.c ****   * @author  MCD Application Team
   5:Drivers/STM32L4xx_HAL_Driver/Src/stm32l4xx_hal_i2c_ex.c ****   * @brief   I2C Extended HAL module driver.
   6:Drivers/STM32L4xx_HAL_Driver/Src/stm32l4xx_hal_i2c_ex.c ****   *          This file provides firmware functions to manage the following
   7:Drivers/STM32L4xx_HAL_Driver/Src/stm32l4xx_hal_i2c_ex.c ****   *          functionalities of I2C Extended peripheral:
   8:Drivers/STM32L4xx_HAL_Driver/Src/stm32l4xx_hal_i2c_ex.c ****   *           + Extended features functions
   9:Drivers/STM32L4xx_HAL_Driver/Src/stm32l4xx_hal_i2c_ex.c ****   *
  10:Drivers/STM32L4xx_HAL_Driver/Src/stm32l4xx_hal_i2c_ex.c ****   @verbatim
  11:Drivers/STM32L4xx_HAL_Driver/Src/stm32l4xx_hal_i2c_ex.c ****   ==============================================================================
  12:Drivers/STM32L4xx_HAL_Driver/Src/stm32l4xx_hal_i2c_ex.c ****                ##### I2C peripheral Extended features  #####
  13:Drivers/STM32L4xx_HAL_Driver/Src/stm32l4xx_hal_i2c_ex.c ****   ==============================================================================
  14:Drivers/STM32L4xx_HAL_Driver/Src/stm32l4xx_hal_i2c_ex.c **** 
  15:Drivers/STM32L4xx_HAL_Driver/Src/stm32l4xx_hal_i2c_ex.c ****   [..] Comparing to other previous devices, the I2C interface for STM32L4xx
  16:Drivers/STM32L4xx_HAL_Driver/Src/stm32l4xx_hal_i2c_ex.c ****        devices contains the following additional features
  17:Drivers/STM32L4xx_HAL_Driver/Src/stm32l4xx_hal_i2c_ex.c **** 
  18:Drivers/STM32L4xx_HAL_Driver/Src/stm32l4xx_hal_i2c_ex.c ****        (+) Possibility to disable or enable Analog Noise Filter
  19:Drivers/STM32L4xx_HAL_Driver/Src/stm32l4xx_hal_i2c_ex.c ****        (+) Use of a configured Digital Noise Filter
  20:Drivers/STM32L4xx_HAL_Driver/Src/stm32l4xx_hal_i2c_ex.c ****        (+) Disable or enable wakeup from Stop mode(s)
  21:Drivers/STM32L4xx_HAL_Driver/Src/stm32l4xx_hal_i2c_ex.c ****        (+) Disable or enable Fast Mode Plus
  22:Drivers/STM32L4xx_HAL_Driver/Src/stm32l4xx_hal_i2c_ex.c **** 
  23:Drivers/STM32L4xx_HAL_Driver/Src/stm32l4xx_hal_i2c_ex.c ****                      ##### How to use this driver #####
  24:Drivers/STM32L4xx_HAL_Driver/Src/stm32l4xx_hal_i2c_ex.c ****   ==============================================================================
  25:Drivers/STM32L4xx_HAL_Driver/Src/stm32l4xx_hal_i2c_ex.c ****   [..] This driver provides functions to configure Noise Filter and Wake Up Feature
  26:Drivers/STM32L4xx_HAL_Driver/Src/stm32l4xx_hal_i2c_ex.c ****     (#) Configure I2C Analog noise filter using the function HAL_I2CEx_ConfigAnalogFilter()
  27:Drivers/STM32L4xx_HAL_Driver/Src/stm32l4xx_hal_i2c_ex.c ****     (#) Configure I2C Digital noise filter using the function HAL_I2CEx_ConfigDigitalFilter()
  28:Drivers/STM32L4xx_HAL_Driver/Src/stm32l4xx_hal_i2c_ex.c ****     (#) Configure the enable or disable of I2C Wake Up Mode using the functions :
  29:Drivers/STM32L4xx_HAL_Driver/Src/stm32l4xx_hal_i2c_ex.c ****           (++) HAL_I2CEx_EnableWakeUp()
  30:Drivers/STM32L4xx_HAL_Driver/Src/stm32l4xx_hal_i2c_ex.c ****           (++) HAL_I2CEx_DisableWakeUp()
  31:Drivers/STM32L4xx_HAL_Driver/Src/stm32l4xx_hal_i2c_ex.c ****     (#) Configure the enable or disable of fast mode plus driving capability using the functions :
ARM GAS  /tmp/ccRrPvd1.s 			page 2


  32:Drivers/STM32L4xx_HAL_Driver/Src/stm32l4xx_hal_i2c_ex.c ****           (++) HAL_I2CEx_EnableFastModePlus()
  33:Drivers/STM32L4xx_HAL_Driver/Src/stm32l4xx_hal_i2c_ex.c ****           (++) HAL_I2CEx_DisableFastModePlus()
  34:Drivers/STM32L4xx_HAL_Driver/Src/stm32l4xx_hal_i2c_ex.c ****   @endverbatim
  35:Drivers/STM32L4xx_HAL_Driver/Src/stm32l4xx_hal_i2c_ex.c ****   ******************************************************************************
  36:Drivers/STM32L4xx_HAL_Driver/Src/stm32l4xx_hal_i2c_ex.c ****   * @attention
  37:Drivers/STM32L4xx_HAL_Driver/Src/stm32l4xx_hal_i2c_ex.c ****   *
  38:Drivers/STM32L4xx_HAL_Driver/Src/stm32l4xx_hal_i2c_ex.c ****   * <h2><center>&copy; Copyright (c) 2017 STMicroelectronics.
  39:Drivers/STM32L4xx_HAL_Driver/Src/stm32l4xx_hal_i2c_ex.c ****   * All rights reserved.</center></h2>
  40:Drivers/STM32L4xx_HAL_Driver/Src/stm32l4xx_hal_i2c_ex.c ****   *
  41:Drivers/STM32L4xx_HAL_Driver/Src/stm32l4xx_hal_i2c_ex.c ****   * This software component is licensed by ST under BSD 3-Clause license,
  42:Drivers/STM32L4xx_HAL_Driver/Src/stm32l4xx_hal_i2c_ex.c ****   * the "License"; You may not use this file except in compliance with the
  43:Drivers/STM32L4xx_HAL_Driver/Src/stm32l4xx_hal_i2c_ex.c ****   * License. You may obtain a copy of the License at:
  44:Drivers/STM32L4xx_HAL_Driver/Src/stm32l4xx_hal_i2c_ex.c ****   *                        opensource.org/licenses/BSD-3-Clause
  45:Drivers/STM32L4xx_HAL_Driver/Src/stm32l4xx_hal_i2c_ex.c ****   *
  46:Drivers/STM32L4xx_HAL_Driver/Src/stm32l4xx_hal_i2c_ex.c ****   ******************************************************************************
  47:Drivers/STM32L4xx_HAL_Driver/Src/stm32l4xx_hal_i2c_ex.c ****   */
  48:Drivers/STM32L4xx_HAL_Driver/Src/stm32l4xx_hal_i2c_ex.c **** 
  49:Drivers/STM32L4xx_HAL_Driver/Src/stm32l4xx_hal_i2c_ex.c **** /* Includes ------------------------------------------------------------------*/
  50:Drivers/STM32L4xx_HAL_Driver/Src/stm32l4xx_hal_i2c_ex.c **** #include "stm32l4xx_hal.h"
  51:Drivers/STM32L4xx_HAL_Driver/Src/stm32l4xx_hal_i2c_ex.c **** 
  52:Drivers/STM32L4xx_HAL_Driver/Src/stm32l4xx_hal_i2c_ex.c **** /** @addtogroup STM32L4xx_HAL_Driver
  53:Drivers/STM32L4xx_HAL_Driver/Src/stm32l4xx_hal_i2c_ex.c ****   * @{
  54:Drivers/STM32L4xx_HAL_Driver/Src/stm32l4xx_hal_i2c_ex.c ****   */
  55:Drivers/STM32L4xx_HAL_Driver/Src/stm32l4xx_hal_i2c_ex.c **** 
  56:Drivers/STM32L4xx_HAL_Driver/Src/stm32l4xx_hal_i2c_ex.c **** /** @defgroup I2CEx I2CEx
  57:Drivers/STM32L4xx_HAL_Driver/Src/stm32l4xx_hal_i2c_ex.c ****   * @brief I2C Extended HAL module driver
  58:Drivers/STM32L4xx_HAL_Driver/Src/stm32l4xx_hal_i2c_ex.c ****   * @{
  59:Drivers/STM32L4xx_HAL_Driver/Src/stm32l4xx_hal_i2c_ex.c ****   */
  60:Drivers/STM32L4xx_HAL_Driver/Src/stm32l4xx_hal_i2c_ex.c **** 
  61:Drivers/STM32L4xx_HAL_Driver/Src/stm32l4xx_hal_i2c_ex.c **** #ifdef HAL_I2C_MODULE_ENABLED
  62:Drivers/STM32L4xx_HAL_Driver/Src/stm32l4xx_hal_i2c_ex.c **** 
  63:Drivers/STM32L4xx_HAL_Driver/Src/stm32l4xx_hal_i2c_ex.c **** /* Private typedef -----------------------------------------------------------*/
  64:Drivers/STM32L4xx_HAL_Driver/Src/stm32l4xx_hal_i2c_ex.c **** /* Private define ------------------------------------------------------------*/
  65:Drivers/STM32L4xx_HAL_Driver/Src/stm32l4xx_hal_i2c_ex.c **** /* Private macro -------------------------------------------------------------*/
  66:Drivers/STM32L4xx_HAL_Driver/Src/stm32l4xx_hal_i2c_ex.c **** /* Private variables ---------------------------------------------------------*/
  67:Drivers/STM32L4xx_HAL_Driver/Src/stm32l4xx_hal_i2c_ex.c **** /* Private function prototypes -----------------------------------------------*/
  68:Drivers/STM32L4xx_HAL_Driver/Src/stm32l4xx_hal_i2c_ex.c **** /* Private functions ---------------------------------------------------------*/
  69:Drivers/STM32L4xx_HAL_Driver/Src/stm32l4xx_hal_i2c_ex.c **** 
  70:Drivers/STM32L4xx_HAL_Driver/Src/stm32l4xx_hal_i2c_ex.c **** /** @defgroup I2CEx_Exported_Functions I2C Extended Exported Functions
  71:Drivers/STM32L4xx_HAL_Driver/Src/stm32l4xx_hal_i2c_ex.c ****   * @{
  72:Drivers/STM32L4xx_HAL_Driver/Src/stm32l4xx_hal_i2c_ex.c ****   */
  73:Drivers/STM32L4xx_HAL_Driver/Src/stm32l4xx_hal_i2c_ex.c **** 
  74:Drivers/STM32L4xx_HAL_Driver/Src/stm32l4xx_hal_i2c_ex.c **** /** @defgroup I2CEx_Exported_Functions_Group1 Extended features functions
  75:Drivers/STM32L4xx_HAL_Driver/Src/stm32l4xx_hal_i2c_ex.c ****   * @brief    Extended features functions
  76:Drivers/STM32L4xx_HAL_Driver/Src/stm32l4xx_hal_i2c_ex.c ****  *
  77:Drivers/STM32L4xx_HAL_Driver/Src/stm32l4xx_hal_i2c_ex.c **** @verbatim
  78:Drivers/STM32L4xx_HAL_Driver/Src/stm32l4xx_hal_i2c_ex.c ****  ===============================================================================
  79:Drivers/STM32L4xx_HAL_Driver/Src/stm32l4xx_hal_i2c_ex.c ****                       ##### Extended features functions #####
  80:Drivers/STM32L4xx_HAL_Driver/Src/stm32l4xx_hal_i2c_ex.c ****  ===============================================================================
  81:Drivers/STM32L4xx_HAL_Driver/Src/stm32l4xx_hal_i2c_ex.c ****     [..] This section provides functions allowing to:
  82:Drivers/STM32L4xx_HAL_Driver/Src/stm32l4xx_hal_i2c_ex.c ****       (+) Configure Noise Filters
  83:Drivers/STM32L4xx_HAL_Driver/Src/stm32l4xx_hal_i2c_ex.c ****       (+) Configure Wake Up Feature
  84:Drivers/STM32L4xx_HAL_Driver/Src/stm32l4xx_hal_i2c_ex.c ****       (+) Configure Fast Mode Plus
  85:Drivers/STM32L4xx_HAL_Driver/Src/stm32l4xx_hal_i2c_ex.c **** 
  86:Drivers/STM32L4xx_HAL_Driver/Src/stm32l4xx_hal_i2c_ex.c **** @endverbatim
  87:Drivers/STM32L4xx_HAL_Driver/Src/stm32l4xx_hal_i2c_ex.c ****   * @{
  88:Drivers/STM32L4xx_HAL_Driver/Src/stm32l4xx_hal_i2c_ex.c ****   */
ARM GAS  /tmp/ccRrPvd1.s 			page 3


  89:Drivers/STM32L4xx_HAL_Driver/Src/stm32l4xx_hal_i2c_ex.c **** 
  90:Drivers/STM32L4xx_HAL_Driver/Src/stm32l4xx_hal_i2c_ex.c **** /**
  91:Drivers/STM32L4xx_HAL_Driver/Src/stm32l4xx_hal_i2c_ex.c ****   * @brief  Configure I2C Analog noise filter.
  92:Drivers/STM32L4xx_HAL_Driver/Src/stm32l4xx_hal_i2c_ex.c ****   * @param  hi2c Pointer to a I2C_HandleTypeDef structure that contains
  93:Drivers/STM32L4xx_HAL_Driver/Src/stm32l4xx_hal_i2c_ex.c ****   *                the configuration information for the specified I2Cx peripheral.
  94:Drivers/STM32L4xx_HAL_Driver/Src/stm32l4xx_hal_i2c_ex.c ****   * @param  AnalogFilter New state of the Analog filter.
  95:Drivers/STM32L4xx_HAL_Driver/Src/stm32l4xx_hal_i2c_ex.c ****   * @retval HAL status
  96:Drivers/STM32L4xx_HAL_Driver/Src/stm32l4xx_hal_i2c_ex.c ****   */
  97:Drivers/STM32L4xx_HAL_Driver/Src/stm32l4xx_hal_i2c_ex.c **** HAL_StatusTypeDef HAL_I2CEx_ConfigAnalogFilter(I2C_HandleTypeDef *hi2c, uint32_t AnalogFilter)
  98:Drivers/STM32L4xx_HAL_Driver/Src/stm32l4xx_hal_i2c_ex.c **** {
  28              		.loc 1 98 0
  29              		.cfi_startproc
  30              		@ args = 0, pretend = 0, frame = 0
  31              		@ frame_needed = 0, uses_anonymous_args = 0
  32              	.LVL0:
  33 0000 38B5     		push	{r3, r4, r5, lr}
  34              	.LCFI0:
  35              		.cfi_def_cfa_offset 16
  36              		.cfi_offset 3, -16
  37              		.cfi_offset 4, -12
  38              		.cfi_offset 5, -8
  39              		.cfi_offset 14, -4
  40 0002 0446     		mov	r4, r0
  41 0004 0D46     		mov	r5, r1
  99:Drivers/STM32L4xx_HAL_Driver/Src/stm32l4xx_hal_i2c_ex.c ****   /* Check the parameters */
 100:Drivers/STM32L4xx_HAL_Driver/Src/stm32l4xx_hal_i2c_ex.c ****   assert_param(IS_I2C_ALL_INSTANCE(hi2c->Instance));
  42              		.loc 1 100 0
  43 0006 0368     		ldr	r3, [r0]
  44 0008 214A     		ldr	r2, .L9
  45 000a 9342     		cmp	r3, r2
  46 000c 0BD0     		beq	.L2
  47              		.loc 1 100 0 is_stmt 0 discriminator 1
  48 000e 02F58062 		add	r2, r2, #1024
  49 0012 9342     		cmp	r3, r2
  50 0014 07D0     		beq	.L2
  51              		.loc 1 100 0 discriminator 2
  52 0016 02F58062 		add	r2, r2, #1024
  53 001a 9342     		cmp	r3, r2
  54 001c 03D0     		beq	.L2
  55              		.loc 1 100 0 discriminator 3
  56 001e 6421     		movs	r1, #100
  57              	.LVL1:
  58 0020 1C48     		ldr	r0, .L9+4
  59              	.LVL2:
  60 0022 FFF7FEFF 		bl	assert_failed
  61              	.LVL3:
  62              	.L2:
 101:Drivers/STM32L4xx_HAL_Driver/Src/stm32l4xx_hal_i2c_ex.c ****   assert_param(IS_I2C_ANALOG_FILTER(AnalogFilter));
  63              		.loc 1 101 0 is_stmt 1
  64 0026 35B1     		cbz	r5, .L3
  65              		.loc 1 101 0 is_stmt 0 discriminator 1
  66 0028 B5F5805F 		cmp	r5, #4096
  67 002c 03D0     		beq	.L3
  68              		.loc 1 101 0 discriminator 2
  69 002e 6521     		movs	r1, #101
  70 0030 1848     		ldr	r0, .L9+4
  71 0032 FFF7FEFF 		bl	assert_failed
ARM GAS  /tmp/ccRrPvd1.s 			page 4


  72              	.LVL4:
  73              	.L3:
 102:Drivers/STM32L4xx_HAL_Driver/Src/stm32l4xx_hal_i2c_ex.c **** 
 103:Drivers/STM32L4xx_HAL_Driver/Src/stm32l4xx_hal_i2c_ex.c ****   if (hi2c->State == HAL_I2C_STATE_READY)
  74              		.loc 1 103 0 is_stmt 1
  75 0036 94F84130 		ldrb	r3, [r4, #65]	@ zero_extendqisi2
  76 003a DBB2     		uxtb	r3, r3
  77 003c 202B     		cmp	r3, #32
  78 003e 01D0     		beq	.L8
 104:Drivers/STM32L4xx_HAL_Driver/Src/stm32l4xx_hal_i2c_ex.c ****   {
 105:Drivers/STM32L4xx_HAL_Driver/Src/stm32l4xx_hal_i2c_ex.c ****     /* Process Locked */
 106:Drivers/STM32L4xx_HAL_Driver/Src/stm32l4xx_hal_i2c_ex.c ****     __HAL_LOCK(hi2c);
 107:Drivers/STM32L4xx_HAL_Driver/Src/stm32l4xx_hal_i2c_ex.c **** 
 108:Drivers/STM32L4xx_HAL_Driver/Src/stm32l4xx_hal_i2c_ex.c ****     hi2c->State = HAL_I2C_STATE_BUSY;
 109:Drivers/STM32L4xx_HAL_Driver/Src/stm32l4xx_hal_i2c_ex.c **** 
 110:Drivers/STM32L4xx_HAL_Driver/Src/stm32l4xx_hal_i2c_ex.c ****     /* Disable the selected I2C peripheral */
 111:Drivers/STM32L4xx_HAL_Driver/Src/stm32l4xx_hal_i2c_ex.c ****     __HAL_I2C_DISABLE(hi2c);
 112:Drivers/STM32L4xx_HAL_Driver/Src/stm32l4xx_hal_i2c_ex.c **** 
 113:Drivers/STM32L4xx_HAL_Driver/Src/stm32l4xx_hal_i2c_ex.c ****     /* Reset I2Cx ANOFF bit */
 114:Drivers/STM32L4xx_HAL_Driver/Src/stm32l4xx_hal_i2c_ex.c ****     hi2c->Instance->CR1 &= ~(I2C_CR1_ANFOFF);
 115:Drivers/STM32L4xx_HAL_Driver/Src/stm32l4xx_hal_i2c_ex.c **** 
 116:Drivers/STM32L4xx_HAL_Driver/Src/stm32l4xx_hal_i2c_ex.c ****     /* Set analog filter bit*/
 117:Drivers/STM32L4xx_HAL_Driver/Src/stm32l4xx_hal_i2c_ex.c ****     hi2c->Instance->CR1 |= AnalogFilter;
 118:Drivers/STM32L4xx_HAL_Driver/Src/stm32l4xx_hal_i2c_ex.c **** 
 119:Drivers/STM32L4xx_HAL_Driver/Src/stm32l4xx_hal_i2c_ex.c ****     __HAL_I2C_ENABLE(hi2c);
 120:Drivers/STM32L4xx_HAL_Driver/Src/stm32l4xx_hal_i2c_ex.c **** 
 121:Drivers/STM32L4xx_HAL_Driver/Src/stm32l4xx_hal_i2c_ex.c ****     hi2c->State = HAL_I2C_STATE_READY;
 122:Drivers/STM32L4xx_HAL_Driver/Src/stm32l4xx_hal_i2c_ex.c **** 
 123:Drivers/STM32L4xx_HAL_Driver/Src/stm32l4xx_hal_i2c_ex.c ****     /* Process Unlocked */
 124:Drivers/STM32L4xx_HAL_Driver/Src/stm32l4xx_hal_i2c_ex.c ****     __HAL_UNLOCK(hi2c);
 125:Drivers/STM32L4xx_HAL_Driver/Src/stm32l4xx_hal_i2c_ex.c **** 
 126:Drivers/STM32L4xx_HAL_Driver/Src/stm32l4xx_hal_i2c_ex.c ****     return HAL_OK;
 127:Drivers/STM32L4xx_HAL_Driver/Src/stm32l4xx_hal_i2c_ex.c ****   }
 128:Drivers/STM32L4xx_HAL_Driver/Src/stm32l4xx_hal_i2c_ex.c ****   else
 129:Drivers/STM32L4xx_HAL_Driver/Src/stm32l4xx_hal_i2c_ex.c ****   {
 130:Drivers/STM32L4xx_HAL_Driver/Src/stm32l4xx_hal_i2c_ex.c ****     return HAL_BUSY;
  79              		.loc 1 130 0
  80 0040 0220     		movs	r0, #2
  81 0042 38BD     		pop	{r3, r4, r5, pc}
  82              	.LVL5:
  83              	.L8:
 106:Drivers/STM32L4xx_HAL_Driver/Src/stm32l4xx_hal_i2c_ex.c **** 
  84              		.loc 1 106 0
  85 0044 94F84030 		ldrb	r3, [r4, #64]	@ zero_extendqisi2
  86 0048 012B     		cmp	r3, #1
  87 004a 1FD0     		beq	.L6
 106:Drivers/STM32L4xx_HAL_Driver/Src/stm32l4xx_hal_i2c_ex.c **** 
  88              		.loc 1 106 0 is_stmt 0 discriminator 2
  89 004c 0123     		movs	r3, #1
  90 004e 84F84030 		strb	r3, [r4, #64]
 108:Drivers/STM32L4xx_HAL_Driver/Src/stm32l4xx_hal_i2c_ex.c **** 
  91              		.loc 1 108 0 is_stmt 1 discriminator 2
  92 0052 2423     		movs	r3, #36
  93 0054 84F84130 		strb	r3, [r4, #65]
 111:Drivers/STM32L4xx_HAL_Driver/Src/stm32l4xx_hal_i2c_ex.c **** 
  94              		.loc 1 111 0 discriminator 2
  95 0058 2268     		ldr	r2, [r4]
ARM GAS  /tmp/ccRrPvd1.s 			page 5


  96 005a 1368     		ldr	r3, [r2]
  97 005c 23F00103 		bic	r3, r3, #1
  98 0060 1360     		str	r3, [r2]
 114:Drivers/STM32L4xx_HAL_Driver/Src/stm32l4xx_hal_i2c_ex.c **** 
  99              		.loc 1 114 0 discriminator 2
 100 0062 2268     		ldr	r2, [r4]
 101 0064 1368     		ldr	r3, [r2]
 102 0066 23F48053 		bic	r3, r3, #4096
 103 006a 1360     		str	r3, [r2]
 117:Drivers/STM32L4xx_HAL_Driver/Src/stm32l4xx_hal_i2c_ex.c **** 
 104              		.loc 1 117 0 discriminator 2
 105 006c 2368     		ldr	r3, [r4]
 106 006e 1A68     		ldr	r2, [r3]
 107 0070 1543     		orrs	r5, r5, r2
 108              	.LVL6:
 109 0072 1D60     		str	r5, [r3]
 119:Drivers/STM32L4xx_HAL_Driver/Src/stm32l4xx_hal_i2c_ex.c **** 
 110              		.loc 1 119 0 discriminator 2
 111 0074 2268     		ldr	r2, [r4]
 112 0076 1368     		ldr	r3, [r2]
 113 0078 43F00103 		orr	r3, r3, #1
 114 007c 1360     		str	r3, [r2]
 121:Drivers/STM32L4xx_HAL_Driver/Src/stm32l4xx_hal_i2c_ex.c **** 
 115              		.loc 1 121 0 discriminator 2
 116 007e 2023     		movs	r3, #32
 117 0080 84F84130 		strb	r3, [r4, #65]
 124:Drivers/STM32L4xx_HAL_Driver/Src/stm32l4xx_hal_i2c_ex.c **** 
 118              		.loc 1 124 0 discriminator 2
 119 0084 0020     		movs	r0, #0
 120 0086 84F84000 		strb	r0, [r4, #64]
 126:Drivers/STM32L4xx_HAL_Driver/Src/stm32l4xx_hal_i2c_ex.c ****   }
 121              		.loc 1 126 0 discriminator 2
 122 008a 38BD     		pop	{r3, r4, r5, pc}
 123              	.LVL7:
 124              	.L6:
 106:Drivers/STM32L4xx_HAL_Driver/Src/stm32l4xx_hal_i2c_ex.c **** 
 125              		.loc 1 106 0
 126 008c 0220     		movs	r0, #2
 131:Drivers/STM32L4xx_HAL_Driver/Src/stm32l4xx_hal_i2c_ex.c ****   }
 132:Drivers/STM32L4xx_HAL_Driver/Src/stm32l4xx_hal_i2c_ex.c **** }
 127              		.loc 1 132 0
 128 008e 38BD     		pop	{r3, r4, r5, pc}
 129              	.LVL8:
 130              	.L10:
 131              		.align	2
 132              	.L9:
 133 0090 00540040 		.word	1073763328
 134 0094 00000000 		.word	.LC0
 135              		.cfi_endproc
 136              	.LFE284:
 138              		.section	.text.HAL_I2CEx_ConfigDigitalFilter,"ax",%progbits
 139              		.align	1
 140              		.global	HAL_I2CEx_ConfigDigitalFilter
 141              		.syntax unified
 142              		.thumb
 143              		.thumb_func
 144              		.fpu fpv4-sp-d16
ARM GAS  /tmp/ccRrPvd1.s 			page 6


 146              	HAL_I2CEx_ConfigDigitalFilter:
 147              	.LFB285:
 133:Drivers/STM32L4xx_HAL_Driver/Src/stm32l4xx_hal_i2c_ex.c **** 
 134:Drivers/STM32L4xx_HAL_Driver/Src/stm32l4xx_hal_i2c_ex.c **** /**
 135:Drivers/STM32L4xx_HAL_Driver/Src/stm32l4xx_hal_i2c_ex.c ****   * @brief  Configure I2C Digital noise filter.
 136:Drivers/STM32L4xx_HAL_Driver/Src/stm32l4xx_hal_i2c_ex.c ****   * @param  hi2c Pointer to a I2C_HandleTypeDef structure that contains
 137:Drivers/STM32L4xx_HAL_Driver/Src/stm32l4xx_hal_i2c_ex.c ****   *                the configuration information for the specified I2Cx peripheral.
 138:Drivers/STM32L4xx_HAL_Driver/Src/stm32l4xx_hal_i2c_ex.c ****   * @param  DigitalFilter Coefficient of digital noise filter between Min_Data=0x00 and Max_Data=0x
 139:Drivers/STM32L4xx_HAL_Driver/Src/stm32l4xx_hal_i2c_ex.c ****   * @retval HAL status
 140:Drivers/STM32L4xx_HAL_Driver/Src/stm32l4xx_hal_i2c_ex.c ****   */
 141:Drivers/STM32L4xx_HAL_Driver/Src/stm32l4xx_hal_i2c_ex.c **** HAL_StatusTypeDef HAL_I2CEx_ConfigDigitalFilter(I2C_HandleTypeDef *hi2c, uint32_t DigitalFilter)
 142:Drivers/STM32L4xx_HAL_Driver/Src/stm32l4xx_hal_i2c_ex.c **** {
 148              		.loc 1 142 0
 149              		.cfi_startproc
 150              		@ args = 0, pretend = 0, frame = 0
 151              		@ frame_needed = 0, uses_anonymous_args = 0
 152              	.LVL9:
 153 0000 38B5     		push	{r3, r4, r5, lr}
 154              	.LCFI1:
 155              		.cfi_def_cfa_offset 16
 156              		.cfi_offset 3, -16
 157              		.cfi_offset 4, -12
 158              		.cfi_offset 5, -8
 159              		.cfi_offset 14, -4
 160 0002 0446     		mov	r4, r0
 161 0004 0D46     		mov	r5, r1
 143:Drivers/STM32L4xx_HAL_Driver/Src/stm32l4xx_hal_i2c_ex.c ****   uint32_t tmpreg;
 144:Drivers/STM32L4xx_HAL_Driver/Src/stm32l4xx_hal_i2c_ex.c **** 
 145:Drivers/STM32L4xx_HAL_Driver/Src/stm32l4xx_hal_i2c_ex.c ****   /* Check the parameters */
 146:Drivers/STM32L4xx_HAL_Driver/Src/stm32l4xx_hal_i2c_ex.c ****   assert_param(IS_I2C_ALL_INSTANCE(hi2c->Instance));
 162              		.loc 1 146 0
 163 0006 0368     		ldr	r3, [r0]
 164 0008 204A     		ldr	r2, .L20
 165 000a 9342     		cmp	r3, r2
 166 000c 0BD0     		beq	.L12
 167              		.loc 1 146 0 is_stmt 0 discriminator 1
 168 000e 02F58062 		add	r2, r2, #1024
 169 0012 9342     		cmp	r3, r2
 170 0014 07D0     		beq	.L12
 171              		.loc 1 146 0 discriminator 2
 172 0016 02F58062 		add	r2, r2, #1024
 173 001a 9342     		cmp	r3, r2
 174 001c 03D0     		beq	.L12
 175              		.loc 1 146 0 discriminator 3
 176 001e 9221     		movs	r1, #146
 177              	.LVL10:
 178 0020 1B48     		ldr	r0, .L20+4
 179              	.LVL11:
 180 0022 FFF7FEFF 		bl	assert_failed
 181              	.LVL12:
 182              	.L12:
 147:Drivers/STM32L4xx_HAL_Driver/Src/stm32l4xx_hal_i2c_ex.c ****   assert_param(IS_I2C_DIGITAL_FILTER(DigitalFilter));
 183              		.loc 1 147 0 is_stmt 1
 184 0026 0F2D     		cmp	r5, #15
 185 0028 06D8     		bhi	.L18
 186              	.L13:
 148:Drivers/STM32L4xx_HAL_Driver/Src/stm32l4xx_hal_i2c_ex.c **** 
ARM GAS  /tmp/ccRrPvd1.s 			page 7


 149:Drivers/STM32L4xx_HAL_Driver/Src/stm32l4xx_hal_i2c_ex.c ****   if (hi2c->State == HAL_I2C_STATE_READY)
 187              		.loc 1 149 0
 188 002a 94F84130 		ldrb	r3, [r4, #65]	@ zero_extendqisi2
 189 002e DBB2     		uxtb	r3, r3
 190 0030 202B     		cmp	r3, #32
 191 0032 06D0     		beq	.L19
 150:Drivers/STM32L4xx_HAL_Driver/Src/stm32l4xx_hal_i2c_ex.c ****   {
 151:Drivers/STM32L4xx_HAL_Driver/Src/stm32l4xx_hal_i2c_ex.c ****     /* Process Locked */
 152:Drivers/STM32L4xx_HAL_Driver/Src/stm32l4xx_hal_i2c_ex.c ****     __HAL_LOCK(hi2c);
 153:Drivers/STM32L4xx_HAL_Driver/Src/stm32l4xx_hal_i2c_ex.c **** 
 154:Drivers/STM32L4xx_HAL_Driver/Src/stm32l4xx_hal_i2c_ex.c ****     hi2c->State = HAL_I2C_STATE_BUSY;
 155:Drivers/STM32L4xx_HAL_Driver/Src/stm32l4xx_hal_i2c_ex.c **** 
 156:Drivers/STM32L4xx_HAL_Driver/Src/stm32l4xx_hal_i2c_ex.c ****     /* Disable the selected I2C peripheral */
 157:Drivers/STM32L4xx_HAL_Driver/Src/stm32l4xx_hal_i2c_ex.c ****     __HAL_I2C_DISABLE(hi2c);
 158:Drivers/STM32L4xx_HAL_Driver/Src/stm32l4xx_hal_i2c_ex.c **** 
 159:Drivers/STM32L4xx_HAL_Driver/Src/stm32l4xx_hal_i2c_ex.c ****     /* Get the old register value */
 160:Drivers/STM32L4xx_HAL_Driver/Src/stm32l4xx_hal_i2c_ex.c ****     tmpreg = hi2c->Instance->CR1;
 161:Drivers/STM32L4xx_HAL_Driver/Src/stm32l4xx_hal_i2c_ex.c **** 
 162:Drivers/STM32L4xx_HAL_Driver/Src/stm32l4xx_hal_i2c_ex.c ****     /* Reset I2Cx DNF bits [11:8] */
 163:Drivers/STM32L4xx_HAL_Driver/Src/stm32l4xx_hal_i2c_ex.c ****     tmpreg &= ~(I2C_CR1_DNF);
 164:Drivers/STM32L4xx_HAL_Driver/Src/stm32l4xx_hal_i2c_ex.c **** 
 165:Drivers/STM32L4xx_HAL_Driver/Src/stm32l4xx_hal_i2c_ex.c ****     /* Set I2Cx DNF coefficient */
 166:Drivers/STM32L4xx_HAL_Driver/Src/stm32l4xx_hal_i2c_ex.c ****     tmpreg |= DigitalFilter << 8U;
 167:Drivers/STM32L4xx_HAL_Driver/Src/stm32l4xx_hal_i2c_ex.c **** 
 168:Drivers/STM32L4xx_HAL_Driver/Src/stm32l4xx_hal_i2c_ex.c ****     /* Store the new register value */
 169:Drivers/STM32L4xx_HAL_Driver/Src/stm32l4xx_hal_i2c_ex.c ****     hi2c->Instance->CR1 = tmpreg;
 170:Drivers/STM32L4xx_HAL_Driver/Src/stm32l4xx_hal_i2c_ex.c **** 
 171:Drivers/STM32L4xx_HAL_Driver/Src/stm32l4xx_hal_i2c_ex.c ****     __HAL_I2C_ENABLE(hi2c);
 172:Drivers/STM32L4xx_HAL_Driver/Src/stm32l4xx_hal_i2c_ex.c **** 
 173:Drivers/STM32L4xx_HAL_Driver/Src/stm32l4xx_hal_i2c_ex.c ****     hi2c->State = HAL_I2C_STATE_READY;
 174:Drivers/STM32L4xx_HAL_Driver/Src/stm32l4xx_hal_i2c_ex.c **** 
 175:Drivers/STM32L4xx_HAL_Driver/Src/stm32l4xx_hal_i2c_ex.c ****     /* Process Unlocked */
 176:Drivers/STM32L4xx_HAL_Driver/Src/stm32l4xx_hal_i2c_ex.c ****     __HAL_UNLOCK(hi2c);
 177:Drivers/STM32L4xx_HAL_Driver/Src/stm32l4xx_hal_i2c_ex.c **** 
 178:Drivers/STM32L4xx_HAL_Driver/Src/stm32l4xx_hal_i2c_ex.c ****     return HAL_OK;
 179:Drivers/STM32L4xx_HAL_Driver/Src/stm32l4xx_hal_i2c_ex.c ****   }
 180:Drivers/STM32L4xx_HAL_Driver/Src/stm32l4xx_hal_i2c_ex.c ****   else
 181:Drivers/STM32L4xx_HAL_Driver/Src/stm32l4xx_hal_i2c_ex.c ****   {
 182:Drivers/STM32L4xx_HAL_Driver/Src/stm32l4xx_hal_i2c_ex.c ****     return HAL_BUSY;
 192              		.loc 1 182 0
 193 0034 0220     		movs	r0, #2
 194 0036 38BD     		pop	{r3, r4, r5, pc}
 195              	.LVL13:
 196              	.L18:
 147:Drivers/STM32L4xx_HAL_Driver/Src/stm32l4xx_hal_i2c_ex.c **** 
 197              		.loc 1 147 0 discriminator 1
 198 0038 9321     		movs	r1, #147
 199 003a 1548     		ldr	r0, .L20+4
 200 003c FFF7FEFF 		bl	assert_failed
 201              	.LVL14:
 202 0040 F3E7     		b	.L13
 203              	.L19:
 152:Drivers/STM32L4xx_HAL_Driver/Src/stm32l4xx_hal_i2c_ex.c **** 
 204              		.loc 1 152 0
 205 0042 94F84030 		ldrb	r3, [r4, #64]	@ zero_extendqisi2
 206 0046 012B     		cmp	r3, #1
 207 0048 1DD0     		beq	.L16
ARM GAS  /tmp/ccRrPvd1.s 			page 8


 152:Drivers/STM32L4xx_HAL_Driver/Src/stm32l4xx_hal_i2c_ex.c **** 
 208              		.loc 1 152 0 is_stmt 0 discriminator 2
 209 004a 0123     		movs	r3, #1
 210 004c 84F84030 		strb	r3, [r4, #64]
 154:Drivers/STM32L4xx_HAL_Driver/Src/stm32l4xx_hal_i2c_ex.c **** 
 211              		.loc 1 154 0 is_stmt 1 discriminator 2
 212 0050 2423     		movs	r3, #36
 213 0052 84F84130 		strb	r3, [r4, #65]
 157:Drivers/STM32L4xx_HAL_Driver/Src/stm32l4xx_hal_i2c_ex.c **** 
 214              		.loc 1 157 0 discriminator 2
 215 0056 2268     		ldr	r2, [r4]
 216 0058 1368     		ldr	r3, [r2]
 217 005a 23F00103 		bic	r3, r3, #1
 218 005e 1360     		str	r3, [r2]
 160:Drivers/STM32L4xx_HAL_Driver/Src/stm32l4xx_hal_i2c_ex.c **** 
 219              		.loc 1 160 0 discriminator 2
 220 0060 2268     		ldr	r2, [r4]
 221 0062 1368     		ldr	r3, [r2]
 222              	.LVL15:
 163:Drivers/STM32L4xx_HAL_Driver/Src/stm32l4xx_hal_i2c_ex.c **** 
 223              		.loc 1 163 0 discriminator 2
 224 0064 23F47063 		bic	r3, r3, #3840
 225              	.LVL16:
 166:Drivers/STM32L4xx_HAL_Driver/Src/stm32l4xx_hal_i2c_ex.c **** 
 226              		.loc 1 166 0 discriminator 2
 227 0068 43EA0525 		orr	r5, r3, r5, lsl #8
 228              	.LVL17:
 169:Drivers/STM32L4xx_HAL_Driver/Src/stm32l4xx_hal_i2c_ex.c **** 
 229              		.loc 1 169 0 discriminator 2
 230 006c 1560     		str	r5, [r2]
 171:Drivers/STM32L4xx_HAL_Driver/Src/stm32l4xx_hal_i2c_ex.c **** 
 231              		.loc 1 171 0 discriminator 2
 232 006e 2268     		ldr	r2, [r4]
 233 0070 1368     		ldr	r3, [r2]
 234 0072 43F00103 		orr	r3, r3, #1
 235 0076 1360     		str	r3, [r2]
 173:Drivers/STM32L4xx_HAL_Driver/Src/stm32l4xx_hal_i2c_ex.c **** 
 236              		.loc 1 173 0 discriminator 2
 237 0078 2023     		movs	r3, #32
 238 007a 84F84130 		strb	r3, [r4, #65]
 176:Drivers/STM32L4xx_HAL_Driver/Src/stm32l4xx_hal_i2c_ex.c **** 
 239              		.loc 1 176 0 discriminator 2
 240 007e 0020     		movs	r0, #0
 241 0080 84F84000 		strb	r0, [r4, #64]
 178:Drivers/STM32L4xx_HAL_Driver/Src/stm32l4xx_hal_i2c_ex.c ****   }
 242              		.loc 1 178 0 discriminator 2
 243 0084 38BD     		pop	{r3, r4, r5, pc}
 244              	.LVL18:
 245              	.L16:
 152:Drivers/STM32L4xx_HAL_Driver/Src/stm32l4xx_hal_i2c_ex.c **** 
 246              		.loc 1 152 0
 247 0086 0220     		movs	r0, #2
 183:Drivers/STM32L4xx_HAL_Driver/Src/stm32l4xx_hal_i2c_ex.c ****   }
 184:Drivers/STM32L4xx_HAL_Driver/Src/stm32l4xx_hal_i2c_ex.c **** }
 248              		.loc 1 184 0
 249 0088 38BD     		pop	{r3, r4, r5, pc}
 250              	.LVL19:
ARM GAS  /tmp/ccRrPvd1.s 			page 9


 251              	.L21:
 252 008a 00BF     		.align	2
 253              	.L20:
 254 008c 00540040 		.word	1073763328
 255 0090 00000000 		.word	.LC0
 256              		.cfi_endproc
 257              	.LFE285:
 259              		.section	.text.HAL_I2CEx_EnableWakeUp,"ax",%progbits
 260              		.align	1
 261              		.global	HAL_I2CEx_EnableWakeUp
 262              		.syntax unified
 263              		.thumb
 264              		.thumb_func
 265              		.fpu fpv4-sp-d16
 267              	HAL_I2CEx_EnableWakeUp:
 268              	.LFB286:
 185:Drivers/STM32L4xx_HAL_Driver/Src/stm32l4xx_hal_i2c_ex.c **** 
 186:Drivers/STM32L4xx_HAL_Driver/Src/stm32l4xx_hal_i2c_ex.c **** /**
 187:Drivers/STM32L4xx_HAL_Driver/Src/stm32l4xx_hal_i2c_ex.c ****   * @brief  Enable I2C wakeup from Stop mode(s).
 188:Drivers/STM32L4xx_HAL_Driver/Src/stm32l4xx_hal_i2c_ex.c ****   * @param  hi2c Pointer to a I2C_HandleTypeDef structure that contains
 189:Drivers/STM32L4xx_HAL_Driver/Src/stm32l4xx_hal_i2c_ex.c ****   *                the configuration information for the specified I2Cx peripheral.
 190:Drivers/STM32L4xx_HAL_Driver/Src/stm32l4xx_hal_i2c_ex.c ****   * @retval HAL status
 191:Drivers/STM32L4xx_HAL_Driver/Src/stm32l4xx_hal_i2c_ex.c ****   */
 192:Drivers/STM32L4xx_HAL_Driver/Src/stm32l4xx_hal_i2c_ex.c **** HAL_StatusTypeDef HAL_I2CEx_EnableWakeUp(I2C_HandleTypeDef *hi2c)
 193:Drivers/STM32L4xx_HAL_Driver/Src/stm32l4xx_hal_i2c_ex.c **** {
 269              		.loc 1 193 0
 270              		.cfi_startproc
 271              		@ args = 0, pretend = 0, frame = 0
 272              		@ frame_needed = 0, uses_anonymous_args = 0
 273              	.LVL20:
 274 0000 10B5     		push	{r4, lr}
 275              	.LCFI2:
 276              		.cfi_def_cfa_offset 8
 277              		.cfi_offset 4, -8
 278              		.cfi_offset 14, -4
 279 0002 0446     		mov	r4, r0
 194:Drivers/STM32L4xx_HAL_Driver/Src/stm32l4xx_hal_i2c_ex.c ****   /* Check the parameters */
 195:Drivers/STM32L4xx_HAL_Driver/Src/stm32l4xx_hal_i2c_ex.c ****   assert_param(IS_I2C_WAKEUP_FROMSTOP_INSTANCE(hi2c->Instance));
 280              		.loc 1 195 0
 281 0004 0368     		ldr	r3, [r0]
 282 0006 1C4A     		ldr	r2, .L29
 283 0008 9342     		cmp	r3, r2
 284 000a 0BD0     		beq	.L23
 285              		.loc 1 195 0 is_stmt 0 discriminator 1
 286 000c 02F58062 		add	r2, r2, #1024
 287 0010 9342     		cmp	r3, r2
 288 0012 07D0     		beq	.L23
 289              		.loc 1 195 0 discriminator 2
 290 0014 02F58062 		add	r2, r2, #1024
 291 0018 9342     		cmp	r3, r2
 292 001a 03D0     		beq	.L23
 293              		.loc 1 195 0 discriminator 3
 294 001c C321     		movs	r1, #195
 295 001e 1748     		ldr	r0, .L29+4
 296              	.LVL21:
 297 0020 FFF7FEFF 		bl	assert_failed
 298              	.LVL22:
ARM GAS  /tmp/ccRrPvd1.s 			page 10


 299              	.L23:
 196:Drivers/STM32L4xx_HAL_Driver/Src/stm32l4xx_hal_i2c_ex.c **** 
 197:Drivers/STM32L4xx_HAL_Driver/Src/stm32l4xx_hal_i2c_ex.c ****   if (hi2c->State == HAL_I2C_STATE_READY)
 300              		.loc 1 197 0 is_stmt 1
 301 0024 94F84130 		ldrb	r3, [r4, #65]	@ zero_extendqisi2
 302 0028 DBB2     		uxtb	r3, r3
 303 002a 202B     		cmp	r3, #32
 304 002c 01D0     		beq	.L28
 198:Drivers/STM32L4xx_HAL_Driver/Src/stm32l4xx_hal_i2c_ex.c ****   {
 199:Drivers/STM32L4xx_HAL_Driver/Src/stm32l4xx_hal_i2c_ex.c ****     /* Process Locked */
 200:Drivers/STM32L4xx_HAL_Driver/Src/stm32l4xx_hal_i2c_ex.c ****     __HAL_LOCK(hi2c);
 201:Drivers/STM32L4xx_HAL_Driver/Src/stm32l4xx_hal_i2c_ex.c **** 
 202:Drivers/STM32L4xx_HAL_Driver/Src/stm32l4xx_hal_i2c_ex.c ****     hi2c->State = HAL_I2C_STATE_BUSY;
 203:Drivers/STM32L4xx_HAL_Driver/Src/stm32l4xx_hal_i2c_ex.c **** 
 204:Drivers/STM32L4xx_HAL_Driver/Src/stm32l4xx_hal_i2c_ex.c ****     /* Disable the selected I2C peripheral */
 205:Drivers/STM32L4xx_HAL_Driver/Src/stm32l4xx_hal_i2c_ex.c ****     __HAL_I2C_DISABLE(hi2c);
 206:Drivers/STM32L4xx_HAL_Driver/Src/stm32l4xx_hal_i2c_ex.c **** 
 207:Drivers/STM32L4xx_HAL_Driver/Src/stm32l4xx_hal_i2c_ex.c ****     /* Enable wakeup from stop mode */
 208:Drivers/STM32L4xx_HAL_Driver/Src/stm32l4xx_hal_i2c_ex.c ****     hi2c->Instance->CR1 |= I2C_CR1_WUPEN;
 209:Drivers/STM32L4xx_HAL_Driver/Src/stm32l4xx_hal_i2c_ex.c **** 
 210:Drivers/STM32L4xx_HAL_Driver/Src/stm32l4xx_hal_i2c_ex.c ****     __HAL_I2C_ENABLE(hi2c);
 211:Drivers/STM32L4xx_HAL_Driver/Src/stm32l4xx_hal_i2c_ex.c **** 
 212:Drivers/STM32L4xx_HAL_Driver/Src/stm32l4xx_hal_i2c_ex.c ****     hi2c->State = HAL_I2C_STATE_READY;
 213:Drivers/STM32L4xx_HAL_Driver/Src/stm32l4xx_hal_i2c_ex.c **** 
 214:Drivers/STM32L4xx_HAL_Driver/Src/stm32l4xx_hal_i2c_ex.c ****     /* Process Unlocked */
 215:Drivers/STM32L4xx_HAL_Driver/Src/stm32l4xx_hal_i2c_ex.c ****     __HAL_UNLOCK(hi2c);
 216:Drivers/STM32L4xx_HAL_Driver/Src/stm32l4xx_hal_i2c_ex.c **** 
 217:Drivers/STM32L4xx_HAL_Driver/Src/stm32l4xx_hal_i2c_ex.c ****     return HAL_OK;
 218:Drivers/STM32L4xx_HAL_Driver/Src/stm32l4xx_hal_i2c_ex.c ****   }
 219:Drivers/STM32L4xx_HAL_Driver/Src/stm32l4xx_hal_i2c_ex.c ****   else
 220:Drivers/STM32L4xx_HAL_Driver/Src/stm32l4xx_hal_i2c_ex.c ****   {
 221:Drivers/STM32L4xx_HAL_Driver/Src/stm32l4xx_hal_i2c_ex.c ****     return HAL_BUSY;
 305              		.loc 1 221 0
 306 002e 0220     		movs	r0, #2
 307 0030 10BD     		pop	{r4, pc}
 308              	.LVL23:
 309              	.L28:
 200:Drivers/STM32L4xx_HAL_Driver/Src/stm32l4xx_hal_i2c_ex.c **** 
 310              		.loc 1 200 0
 311 0032 94F84030 		ldrb	r3, [r4, #64]	@ zero_extendqisi2
 312 0036 012B     		cmp	r3, #1
 313 0038 1BD0     		beq	.L26
 200:Drivers/STM32L4xx_HAL_Driver/Src/stm32l4xx_hal_i2c_ex.c **** 
 314              		.loc 1 200 0 is_stmt 0 discriminator 2
 315 003a 0123     		movs	r3, #1
 316 003c 84F84030 		strb	r3, [r4, #64]
 202:Drivers/STM32L4xx_HAL_Driver/Src/stm32l4xx_hal_i2c_ex.c **** 
 317              		.loc 1 202 0 is_stmt 1 discriminator 2
 318 0040 2423     		movs	r3, #36
 319 0042 84F84130 		strb	r3, [r4, #65]
 205:Drivers/STM32L4xx_HAL_Driver/Src/stm32l4xx_hal_i2c_ex.c **** 
 320              		.loc 1 205 0 discriminator 2
 321 0046 2268     		ldr	r2, [r4]
 322 0048 1368     		ldr	r3, [r2]
 323 004a 23F00103 		bic	r3, r3, #1
 324 004e 1360     		str	r3, [r2]
 208:Drivers/STM32L4xx_HAL_Driver/Src/stm32l4xx_hal_i2c_ex.c **** 
ARM GAS  /tmp/ccRrPvd1.s 			page 11


 325              		.loc 1 208 0 discriminator 2
 326 0050 2268     		ldr	r2, [r4]
 327 0052 1368     		ldr	r3, [r2]
 328 0054 43F48023 		orr	r3, r3, #262144
 329 0058 1360     		str	r3, [r2]
 210:Drivers/STM32L4xx_HAL_Driver/Src/stm32l4xx_hal_i2c_ex.c **** 
 330              		.loc 1 210 0 discriminator 2
 331 005a 2268     		ldr	r2, [r4]
 332 005c 1368     		ldr	r3, [r2]
 333 005e 43F00103 		orr	r3, r3, #1
 334 0062 1360     		str	r3, [r2]
 212:Drivers/STM32L4xx_HAL_Driver/Src/stm32l4xx_hal_i2c_ex.c **** 
 335              		.loc 1 212 0 discriminator 2
 336 0064 2023     		movs	r3, #32
 337 0066 84F84130 		strb	r3, [r4, #65]
 215:Drivers/STM32L4xx_HAL_Driver/Src/stm32l4xx_hal_i2c_ex.c **** 
 338              		.loc 1 215 0 discriminator 2
 339 006a 0020     		movs	r0, #0
 340 006c 84F84000 		strb	r0, [r4, #64]
 217:Drivers/STM32L4xx_HAL_Driver/Src/stm32l4xx_hal_i2c_ex.c ****   }
 341              		.loc 1 217 0 discriminator 2
 342 0070 10BD     		pop	{r4, pc}
 343              	.LVL24:
 344              	.L26:
 200:Drivers/STM32L4xx_HAL_Driver/Src/stm32l4xx_hal_i2c_ex.c **** 
 345              		.loc 1 200 0
 346 0072 0220     		movs	r0, #2
 222:Drivers/STM32L4xx_HAL_Driver/Src/stm32l4xx_hal_i2c_ex.c ****   }
 223:Drivers/STM32L4xx_HAL_Driver/Src/stm32l4xx_hal_i2c_ex.c **** }
 347              		.loc 1 223 0
 348 0074 10BD     		pop	{r4, pc}
 349              	.LVL25:
 350              	.L30:
 351 0076 00BF     		.align	2
 352              	.L29:
 353 0078 00540040 		.word	1073763328
 354 007c 00000000 		.word	.LC0
 355              		.cfi_endproc
 356              	.LFE286:
 358              		.section	.text.HAL_I2CEx_DisableWakeUp,"ax",%progbits
 359              		.align	1
 360              		.global	HAL_I2CEx_DisableWakeUp
 361              		.syntax unified
 362              		.thumb
 363              		.thumb_func
 364              		.fpu fpv4-sp-d16
 366              	HAL_I2CEx_DisableWakeUp:
 367              	.LFB287:
 224:Drivers/STM32L4xx_HAL_Driver/Src/stm32l4xx_hal_i2c_ex.c **** 
 225:Drivers/STM32L4xx_HAL_Driver/Src/stm32l4xx_hal_i2c_ex.c **** /**
 226:Drivers/STM32L4xx_HAL_Driver/Src/stm32l4xx_hal_i2c_ex.c ****   * @brief  Disable I2C wakeup from Stop mode(s).
 227:Drivers/STM32L4xx_HAL_Driver/Src/stm32l4xx_hal_i2c_ex.c ****   * @param  hi2c Pointer to a I2C_HandleTypeDef structure that contains
 228:Drivers/STM32L4xx_HAL_Driver/Src/stm32l4xx_hal_i2c_ex.c ****   *                the configuration information for the specified I2Cx peripheral.
 229:Drivers/STM32L4xx_HAL_Driver/Src/stm32l4xx_hal_i2c_ex.c ****   * @retval HAL status
 230:Drivers/STM32L4xx_HAL_Driver/Src/stm32l4xx_hal_i2c_ex.c ****   */
 231:Drivers/STM32L4xx_HAL_Driver/Src/stm32l4xx_hal_i2c_ex.c **** HAL_StatusTypeDef HAL_I2CEx_DisableWakeUp(I2C_HandleTypeDef *hi2c)
 232:Drivers/STM32L4xx_HAL_Driver/Src/stm32l4xx_hal_i2c_ex.c **** {
ARM GAS  /tmp/ccRrPvd1.s 			page 12


 368              		.loc 1 232 0
 369              		.cfi_startproc
 370              		@ args = 0, pretend = 0, frame = 0
 371              		@ frame_needed = 0, uses_anonymous_args = 0
 372              	.LVL26:
 373 0000 10B5     		push	{r4, lr}
 374              	.LCFI3:
 375              		.cfi_def_cfa_offset 8
 376              		.cfi_offset 4, -8
 377              		.cfi_offset 14, -4
 378 0002 0446     		mov	r4, r0
 233:Drivers/STM32L4xx_HAL_Driver/Src/stm32l4xx_hal_i2c_ex.c ****   /* Check the parameters */
 234:Drivers/STM32L4xx_HAL_Driver/Src/stm32l4xx_hal_i2c_ex.c ****   assert_param(IS_I2C_WAKEUP_FROMSTOP_INSTANCE(hi2c->Instance));
 379              		.loc 1 234 0
 380 0004 0368     		ldr	r3, [r0]
 381 0006 1C4A     		ldr	r2, .L38
 382 0008 9342     		cmp	r3, r2
 383 000a 0BD0     		beq	.L32
 384              		.loc 1 234 0 is_stmt 0 discriminator 1
 385 000c 02F58062 		add	r2, r2, #1024
 386 0010 9342     		cmp	r3, r2
 387 0012 07D0     		beq	.L32
 388              		.loc 1 234 0 discriminator 2
 389 0014 02F58062 		add	r2, r2, #1024
 390 0018 9342     		cmp	r3, r2
 391 001a 03D0     		beq	.L32
 392              		.loc 1 234 0 discriminator 3
 393 001c EA21     		movs	r1, #234
 394 001e 1748     		ldr	r0, .L38+4
 395              	.LVL27:
 396 0020 FFF7FEFF 		bl	assert_failed
 397              	.LVL28:
 398              	.L32:
 235:Drivers/STM32L4xx_HAL_Driver/Src/stm32l4xx_hal_i2c_ex.c **** 
 236:Drivers/STM32L4xx_HAL_Driver/Src/stm32l4xx_hal_i2c_ex.c ****   if (hi2c->State == HAL_I2C_STATE_READY)
 399              		.loc 1 236 0 is_stmt 1
 400 0024 94F84130 		ldrb	r3, [r4, #65]	@ zero_extendqisi2
 401 0028 DBB2     		uxtb	r3, r3
 402 002a 202B     		cmp	r3, #32
 403 002c 01D0     		beq	.L37
 237:Drivers/STM32L4xx_HAL_Driver/Src/stm32l4xx_hal_i2c_ex.c ****   {
 238:Drivers/STM32L4xx_HAL_Driver/Src/stm32l4xx_hal_i2c_ex.c ****     /* Process Locked */
 239:Drivers/STM32L4xx_HAL_Driver/Src/stm32l4xx_hal_i2c_ex.c ****     __HAL_LOCK(hi2c);
 240:Drivers/STM32L4xx_HAL_Driver/Src/stm32l4xx_hal_i2c_ex.c **** 
 241:Drivers/STM32L4xx_HAL_Driver/Src/stm32l4xx_hal_i2c_ex.c ****     hi2c->State = HAL_I2C_STATE_BUSY;
 242:Drivers/STM32L4xx_HAL_Driver/Src/stm32l4xx_hal_i2c_ex.c **** 
 243:Drivers/STM32L4xx_HAL_Driver/Src/stm32l4xx_hal_i2c_ex.c ****     /* Disable the selected I2C peripheral */
 244:Drivers/STM32L4xx_HAL_Driver/Src/stm32l4xx_hal_i2c_ex.c ****     __HAL_I2C_DISABLE(hi2c);
 245:Drivers/STM32L4xx_HAL_Driver/Src/stm32l4xx_hal_i2c_ex.c **** 
 246:Drivers/STM32L4xx_HAL_Driver/Src/stm32l4xx_hal_i2c_ex.c ****     /* Enable wakeup from stop mode */
 247:Drivers/STM32L4xx_HAL_Driver/Src/stm32l4xx_hal_i2c_ex.c ****     hi2c->Instance->CR1 &= ~(I2C_CR1_WUPEN);
 248:Drivers/STM32L4xx_HAL_Driver/Src/stm32l4xx_hal_i2c_ex.c **** 
 249:Drivers/STM32L4xx_HAL_Driver/Src/stm32l4xx_hal_i2c_ex.c ****     __HAL_I2C_ENABLE(hi2c);
 250:Drivers/STM32L4xx_HAL_Driver/Src/stm32l4xx_hal_i2c_ex.c **** 
 251:Drivers/STM32L4xx_HAL_Driver/Src/stm32l4xx_hal_i2c_ex.c ****     hi2c->State = HAL_I2C_STATE_READY;
 252:Drivers/STM32L4xx_HAL_Driver/Src/stm32l4xx_hal_i2c_ex.c **** 
 253:Drivers/STM32L4xx_HAL_Driver/Src/stm32l4xx_hal_i2c_ex.c ****     /* Process Unlocked */
ARM GAS  /tmp/ccRrPvd1.s 			page 13


 254:Drivers/STM32L4xx_HAL_Driver/Src/stm32l4xx_hal_i2c_ex.c ****     __HAL_UNLOCK(hi2c);
 255:Drivers/STM32L4xx_HAL_Driver/Src/stm32l4xx_hal_i2c_ex.c **** 
 256:Drivers/STM32L4xx_HAL_Driver/Src/stm32l4xx_hal_i2c_ex.c ****     return HAL_OK;
 257:Drivers/STM32L4xx_HAL_Driver/Src/stm32l4xx_hal_i2c_ex.c ****   }
 258:Drivers/STM32L4xx_HAL_Driver/Src/stm32l4xx_hal_i2c_ex.c ****   else
 259:Drivers/STM32L4xx_HAL_Driver/Src/stm32l4xx_hal_i2c_ex.c ****   {
 260:Drivers/STM32L4xx_HAL_Driver/Src/stm32l4xx_hal_i2c_ex.c ****     return HAL_BUSY;
 404              		.loc 1 260 0
 405 002e 0220     		movs	r0, #2
 406 0030 10BD     		pop	{r4, pc}
 407              	.LVL29:
 408              	.L37:
 239:Drivers/STM32L4xx_HAL_Driver/Src/stm32l4xx_hal_i2c_ex.c **** 
 409              		.loc 1 239 0
 410 0032 94F84030 		ldrb	r3, [r4, #64]	@ zero_extendqisi2
 411 0036 012B     		cmp	r3, #1
 412 0038 1BD0     		beq	.L35
 239:Drivers/STM32L4xx_HAL_Driver/Src/stm32l4xx_hal_i2c_ex.c **** 
 413              		.loc 1 239 0 is_stmt 0 discriminator 2
 414 003a 0123     		movs	r3, #1
 415 003c 84F84030 		strb	r3, [r4, #64]
 241:Drivers/STM32L4xx_HAL_Driver/Src/stm32l4xx_hal_i2c_ex.c **** 
 416              		.loc 1 241 0 is_stmt 1 discriminator 2
 417 0040 2423     		movs	r3, #36
 418 0042 84F84130 		strb	r3, [r4, #65]
 244:Drivers/STM32L4xx_HAL_Driver/Src/stm32l4xx_hal_i2c_ex.c **** 
 419              		.loc 1 244 0 discriminator 2
 420 0046 2268     		ldr	r2, [r4]
 421 0048 1368     		ldr	r3, [r2]
 422 004a 23F00103 		bic	r3, r3, #1
 423 004e 1360     		str	r3, [r2]
 247:Drivers/STM32L4xx_HAL_Driver/Src/stm32l4xx_hal_i2c_ex.c **** 
 424              		.loc 1 247 0 discriminator 2
 425 0050 2268     		ldr	r2, [r4]
 426 0052 1368     		ldr	r3, [r2]
 427 0054 23F48023 		bic	r3, r3, #262144
 428 0058 1360     		str	r3, [r2]
 249:Drivers/STM32L4xx_HAL_Driver/Src/stm32l4xx_hal_i2c_ex.c **** 
 429              		.loc 1 249 0 discriminator 2
 430 005a 2268     		ldr	r2, [r4]
 431 005c 1368     		ldr	r3, [r2]
 432 005e 43F00103 		orr	r3, r3, #1
 433 0062 1360     		str	r3, [r2]
 251:Drivers/STM32L4xx_HAL_Driver/Src/stm32l4xx_hal_i2c_ex.c **** 
 434              		.loc 1 251 0 discriminator 2
 435 0064 2023     		movs	r3, #32
 436 0066 84F84130 		strb	r3, [r4, #65]
 254:Drivers/STM32L4xx_HAL_Driver/Src/stm32l4xx_hal_i2c_ex.c **** 
 437              		.loc 1 254 0 discriminator 2
 438 006a 0020     		movs	r0, #0
 439 006c 84F84000 		strb	r0, [r4, #64]
 256:Drivers/STM32L4xx_HAL_Driver/Src/stm32l4xx_hal_i2c_ex.c ****   }
 440              		.loc 1 256 0 discriminator 2
 441 0070 10BD     		pop	{r4, pc}
 442              	.LVL30:
 443              	.L35:
 239:Drivers/STM32L4xx_HAL_Driver/Src/stm32l4xx_hal_i2c_ex.c **** 
ARM GAS  /tmp/ccRrPvd1.s 			page 14


 444              		.loc 1 239 0
 445 0072 0220     		movs	r0, #2
 261:Drivers/STM32L4xx_HAL_Driver/Src/stm32l4xx_hal_i2c_ex.c ****   }
 262:Drivers/STM32L4xx_HAL_Driver/Src/stm32l4xx_hal_i2c_ex.c **** }
 446              		.loc 1 262 0
 447 0074 10BD     		pop	{r4, pc}
 448              	.LVL31:
 449              	.L39:
 450 0076 00BF     		.align	2
 451              	.L38:
 452 0078 00540040 		.word	1073763328
 453 007c 00000000 		.word	.LC0
 454              		.cfi_endproc
 455              	.LFE287:
 457              		.section	.text.HAL_I2CEx_EnableFastModePlus,"ax",%progbits
 458              		.align	1
 459              		.global	HAL_I2CEx_EnableFastModePlus
 460              		.syntax unified
 461              		.thumb
 462              		.thumb_func
 463              		.fpu fpv4-sp-d16
 465              	HAL_I2CEx_EnableFastModePlus:
 466              	.LFB288:
 263:Drivers/STM32L4xx_HAL_Driver/Src/stm32l4xx_hal_i2c_ex.c **** 
 264:Drivers/STM32L4xx_HAL_Driver/Src/stm32l4xx_hal_i2c_ex.c **** /**
 265:Drivers/STM32L4xx_HAL_Driver/Src/stm32l4xx_hal_i2c_ex.c ****   * @brief Enable the I2C fast mode plus driving capability.
 266:Drivers/STM32L4xx_HAL_Driver/Src/stm32l4xx_hal_i2c_ex.c ****   * @param ConfigFastModePlus Selects the pin.
 267:Drivers/STM32L4xx_HAL_Driver/Src/stm32l4xx_hal_i2c_ex.c ****   *   This parameter can be one of the @ref I2CEx_FastModePlus values
 268:Drivers/STM32L4xx_HAL_Driver/Src/stm32l4xx_hal_i2c_ex.c ****   * @note  For I2C1, fast mode plus driving capability can be enabled on all selected
 269:Drivers/STM32L4xx_HAL_Driver/Src/stm32l4xx_hal_i2c_ex.c ****   *        I2C1 pins using I2C_FASTMODEPLUS_I2C1 parameter or independently
 270:Drivers/STM32L4xx_HAL_Driver/Src/stm32l4xx_hal_i2c_ex.c ****   *        on each one of the following pins PB6, PB7, PB8 and PB9.
 271:Drivers/STM32L4xx_HAL_Driver/Src/stm32l4xx_hal_i2c_ex.c ****   * @note  For remaining I2C1 pins (PA14, PA15...) fast mode plus driving capability
 272:Drivers/STM32L4xx_HAL_Driver/Src/stm32l4xx_hal_i2c_ex.c ****   *        can be enabled only by using I2C_FASTMODEPLUS_I2C1 parameter.
 273:Drivers/STM32L4xx_HAL_Driver/Src/stm32l4xx_hal_i2c_ex.c ****   * @note  For all I2C2 pins fast mode plus driving capability can be enabled
 274:Drivers/STM32L4xx_HAL_Driver/Src/stm32l4xx_hal_i2c_ex.c ****   *        only by using I2C_FASTMODEPLUS_I2C2 parameter.
 275:Drivers/STM32L4xx_HAL_Driver/Src/stm32l4xx_hal_i2c_ex.c ****   * @note  For all I2C3 pins fast mode plus driving capability can be enabled
 276:Drivers/STM32L4xx_HAL_Driver/Src/stm32l4xx_hal_i2c_ex.c ****   *        only by using I2C_FASTMODEPLUS_I2C3 parameter.
 277:Drivers/STM32L4xx_HAL_Driver/Src/stm32l4xx_hal_i2c_ex.c ****   * @note  For all I2C4 pins fast mode plus driving capability can be enabled
 278:Drivers/STM32L4xx_HAL_Driver/Src/stm32l4xx_hal_i2c_ex.c ****   *        only by using I2C_FASTMODEPLUS_I2C4 parameter.
 279:Drivers/STM32L4xx_HAL_Driver/Src/stm32l4xx_hal_i2c_ex.c ****   * @retval None
 280:Drivers/STM32L4xx_HAL_Driver/Src/stm32l4xx_hal_i2c_ex.c ****   */
 281:Drivers/STM32L4xx_HAL_Driver/Src/stm32l4xx_hal_i2c_ex.c **** void HAL_I2CEx_EnableFastModePlus(uint32_t ConfigFastModePlus)
 282:Drivers/STM32L4xx_HAL_Driver/Src/stm32l4xx_hal_i2c_ex.c **** {
 467              		.loc 1 282 0
 468              		.cfi_startproc
 469              		@ args = 0, pretend = 0, frame = 8
 470              		@ frame_needed = 0, uses_anonymous_args = 0
 471              	.LVL32:
 472 0000 10B5     		push	{r4, lr}
 473              	.LCFI4:
 474              		.cfi_def_cfa_offset 8
 475              		.cfi_offset 4, -8
 476              		.cfi_offset 14, -4
 477 0002 82B0     		sub	sp, sp, #8
 478              	.LCFI5:
 479              		.cfi_def_cfa_offset 16
 480 0004 0446     		mov	r4, r0
ARM GAS  /tmp/ccRrPvd1.s 			page 15


 283:Drivers/STM32L4xx_HAL_Driver/Src/stm32l4xx_hal_i2c_ex.c ****   /* Check the parameter */
 284:Drivers/STM32L4xx_HAL_Driver/Src/stm32l4xx_hal_i2c_ex.c ****   assert_param(IS_I2C_FASTMODEPLUS(ConfigFastModePlus));
 481              		.loc 1 284 0
 482 0006 0F4B     		ldr	r3, .L44
 483 0008 8343     		bics	r3, r3, r0
 484 000a 05D0     		beq	.L41
 485              		.loc 1 284 0 is_stmt 0 discriminator 2
 486 000c 10F4FE0F 		tst	r0, #8323072
 487 0010 07D1     		bne	.L42
 488              		.loc 1 284 0 discriminator 3
 489 0012 0D4B     		ldr	r3, .L44+4
 490 0014 8343     		bics	r3, r3, r0
 491 0016 04D0     		beq	.L42
 492              	.L41:
 493              		.loc 1 284 0 discriminator 4
 494 0018 4FF48E71 		mov	r1, #284
 495 001c 0B48     		ldr	r0, .L44+8
 496              	.LVL33:
 497 001e FFF7FEFF 		bl	assert_failed
 498              	.LVL34:
 499              	.L42:
 500              	.LBB2:
 285:Drivers/STM32L4xx_HAL_Driver/Src/stm32l4xx_hal_i2c_ex.c **** 
 286:Drivers/STM32L4xx_HAL_Driver/Src/stm32l4xx_hal_i2c_ex.c ****   /* Enable SYSCFG clock */
 287:Drivers/STM32L4xx_HAL_Driver/Src/stm32l4xx_hal_i2c_ex.c ****   __HAL_RCC_SYSCFG_CLK_ENABLE();
 501              		.loc 1 287 0 is_stmt 1
 502 0022 0B4B     		ldr	r3, .L44+12
 503 0024 1A6E     		ldr	r2, [r3, #96]
 504 0026 42F00102 		orr	r2, r2, #1
 505 002a 1A66     		str	r2, [r3, #96]
 506 002c 1B6E     		ldr	r3, [r3, #96]
 507 002e 03F00103 		and	r3, r3, #1
 508 0032 0193     		str	r3, [sp, #4]
 509 0034 019B     		ldr	r3, [sp, #4]
 510              	.LBE2:
 288:Drivers/STM32L4xx_HAL_Driver/Src/stm32l4xx_hal_i2c_ex.c **** 
 289:Drivers/STM32L4xx_HAL_Driver/Src/stm32l4xx_hal_i2c_ex.c ****   /* Enable fast mode plus driving capability for selected pin */
 290:Drivers/STM32L4xx_HAL_Driver/Src/stm32l4xx_hal_i2c_ex.c ****   SET_BIT(SYSCFG->CFGR1, (uint32_t)ConfigFastModePlus);
 511              		.loc 1 290 0
 512 0036 074B     		ldr	r3, .L44+16
 513 0038 5A68     		ldr	r2, [r3, #4]
 514 003a 1443     		orrs	r4, r4, r2
 515              	.LVL35:
 516 003c 5C60     		str	r4, [r3, #4]
 291:Drivers/STM32L4xx_HAL_Driver/Src/stm32l4xx_hal_i2c_ex.c **** }
 517              		.loc 1 291 0
 518 003e 02B0     		add	sp, sp, #8
 519              	.LCFI6:
 520              		.cfi_def_cfa_offset 8
 521              		@ sp needed
 522 0040 10BD     		pop	{r4, pc}
 523              	.L45:
 524 0042 00BF     		.align	2
 525              	.L44:
 526 0044 0000AAAA 		.word	-1431699456
 527 0048 0008AAAA 		.word	-1431697408
 528 004c 00000000 		.word	.LC0
ARM GAS  /tmp/ccRrPvd1.s 			page 16


 529 0050 00100240 		.word	1073876992
 530 0054 00000140 		.word	1073807360
 531              		.cfi_endproc
 532              	.LFE288:
 534              		.section	.text.HAL_I2CEx_DisableFastModePlus,"ax",%progbits
 535              		.align	1
 536              		.global	HAL_I2CEx_DisableFastModePlus
 537              		.syntax unified
 538              		.thumb
 539              		.thumb_func
 540              		.fpu fpv4-sp-d16
 542              	HAL_I2CEx_DisableFastModePlus:
 543              	.LFB289:
 292:Drivers/STM32L4xx_HAL_Driver/Src/stm32l4xx_hal_i2c_ex.c **** 
 293:Drivers/STM32L4xx_HAL_Driver/Src/stm32l4xx_hal_i2c_ex.c **** /**
 294:Drivers/STM32L4xx_HAL_Driver/Src/stm32l4xx_hal_i2c_ex.c ****   * @brief Disable the I2C fast mode plus driving capability.
 295:Drivers/STM32L4xx_HAL_Driver/Src/stm32l4xx_hal_i2c_ex.c ****   * @param ConfigFastModePlus Selects the pin.
 296:Drivers/STM32L4xx_HAL_Driver/Src/stm32l4xx_hal_i2c_ex.c ****   *   This parameter can be one of the @ref I2CEx_FastModePlus values
 297:Drivers/STM32L4xx_HAL_Driver/Src/stm32l4xx_hal_i2c_ex.c ****   * @note  For I2C1, fast mode plus driving capability can be disabled on all selected
 298:Drivers/STM32L4xx_HAL_Driver/Src/stm32l4xx_hal_i2c_ex.c ****   *        I2C1 pins using I2C_FASTMODEPLUS_I2C1 parameter or independently
 299:Drivers/STM32L4xx_HAL_Driver/Src/stm32l4xx_hal_i2c_ex.c ****   *        on each one of the following pins PB6, PB7, PB8 and PB9.
 300:Drivers/STM32L4xx_HAL_Driver/Src/stm32l4xx_hal_i2c_ex.c ****   * @note  For remaining I2C1 pins (PA14, PA15...) fast mode plus driving capability
 301:Drivers/STM32L4xx_HAL_Driver/Src/stm32l4xx_hal_i2c_ex.c ****   *        can be disabled only by using I2C_FASTMODEPLUS_I2C1 parameter.
 302:Drivers/STM32L4xx_HAL_Driver/Src/stm32l4xx_hal_i2c_ex.c ****   * @note  For all I2C2 pins fast mode plus driving capability can be disabled
 303:Drivers/STM32L4xx_HAL_Driver/Src/stm32l4xx_hal_i2c_ex.c ****   *        only by using I2C_FASTMODEPLUS_I2C2 parameter.
 304:Drivers/STM32L4xx_HAL_Driver/Src/stm32l4xx_hal_i2c_ex.c ****   * @note  For all I2C3 pins fast mode plus driving capability can be disabled
 305:Drivers/STM32L4xx_HAL_Driver/Src/stm32l4xx_hal_i2c_ex.c ****   *        only by using I2C_FASTMODEPLUS_I2C3 parameter.
 306:Drivers/STM32L4xx_HAL_Driver/Src/stm32l4xx_hal_i2c_ex.c ****   * @note  For all I2C4 pins fast mode plus driving capability can be disabled
 307:Drivers/STM32L4xx_HAL_Driver/Src/stm32l4xx_hal_i2c_ex.c ****   *        only by using I2C_FASTMODEPLUS_I2C4 parameter.
 308:Drivers/STM32L4xx_HAL_Driver/Src/stm32l4xx_hal_i2c_ex.c ****   * @retval None
 309:Drivers/STM32L4xx_HAL_Driver/Src/stm32l4xx_hal_i2c_ex.c ****   */
 310:Drivers/STM32L4xx_HAL_Driver/Src/stm32l4xx_hal_i2c_ex.c **** void HAL_I2CEx_DisableFastModePlus(uint32_t ConfigFastModePlus)
 311:Drivers/STM32L4xx_HAL_Driver/Src/stm32l4xx_hal_i2c_ex.c **** {
 544              		.loc 1 311 0
 545              		.cfi_startproc
 546              		@ args = 0, pretend = 0, frame = 8
 547              		@ frame_needed = 0, uses_anonymous_args = 0
 548              	.LVL36:
 549 0000 10B5     		push	{r4, lr}
 550              	.LCFI7:
 551              		.cfi_def_cfa_offset 8
 552              		.cfi_offset 4, -8
 553              		.cfi_offset 14, -4
 554 0002 82B0     		sub	sp, sp, #8
 555              	.LCFI8:
 556              		.cfi_def_cfa_offset 16
 557 0004 0446     		mov	r4, r0
 312:Drivers/STM32L4xx_HAL_Driver/Src/stm32l4xx_hal_i2c_ex.c ****   /* Check the parameter */
 313:Drivers/STM32L4xx_HAL_Driver/Src/stm32l4xx_hal_i2c_ex.c ****   assert_param(IS_I2C_FASTMODEPLUS(ConfigFastModePlus));
 558              		.loc 1 313 0
 559 0006 0F4B     		ldr	r3, .L50
 560 0008 8343     		bics	r3, r3, r0
 561 000a 05D0     		beq	.L47
 562              		.loc 1 313 0 is_stmt 0 discriminator 2
 563 000c 10F4FE0F 		tst	r0, #8323072
 564 0010 07D1     		bne	.L48
 565              		.loc 1 313 0 discriminator 3
ARM GAS  /tmp/ccRrPvd1.s 			page 17


 566 0012 0D4B     		ldr	r3, .L50+4
 567 0014 8343     		bics	r3, r3, r0
 568 0016 04D0     		beq	.L48
 569              	.L47:
 570              		.loc 1 313 0 discriminator 4
 571 0018 40F23911 		movw	r1, #313
 572 001c 0B48     		ldr	r0, .L50+8
 573              	.LVL37:
 574 001e FFF7FEFF 		bl	assert_failed
 575              	.LVL38:
 576              	.L48:
 577              	.LBB3:
 314:Drivers/STM32L4xx_HAL_Driver/Src/stm32l4xx_hal_i2c_ex.c **** 
 315:Drivers/STM32L4xx_HAL_Driver/Src/stm32l4xx_hal_i2c_ex.c ****   /* Enable SYSCFG clock */
 316:Drivers/STM32L4xx_HAL_Driver/Src/stm32l4xx_hal_i2c_ex.c ****   __HAL_RCC_SYSCFG_CLK_ENABLE();
 578              		.loc 1 316 0 is_stmt 1
 579 0022 0B4B     		ldr	r3, .L50+12
 580 0024 1A6E     		ldr	r2, [r3, #96]
 581 0026 42F00102 		orr	r2, r2, #1
 582 002a 1A66     		str	r2, [r3, #96]
 583 002c 1B6E     		ldr	r3, [r3, #96]
 584 002e 03F00103 		and	r3, r3, #1
 585 0032 0193     		str	r3, [sp, #4]
 586 0034 019B     		ldr	r3, [sp, #4]
 587              	.LBE3:
 317:Drivers/STM32L4xx_HAL_Driver/Src/stm32l4xx_hal_i2c_ex.c **** 
 318:Drivers/STM32L4xx_HAL_Driver/Src/stm32l4xx_hal_i2c_ex.c ****   /* Disable fast mode plus driving capability for selected pin */
 319:Drivers/STM32L4xx_HAL_Driver/Src/stm32l4xx_hal_i2c_ex.c ****   CLEAR_BIT(SYSCFG->CFGR1, (uint32_t)ConfigFastModePlus);
 588              		.loc 1 319 0
 589 0036 074A     		ldr	r2, .L50+16
 590 0038 5368     		ldr	r3, [r2, #4]
 591 003a 23EA0404 		bic	r4, r3, r4
 592              	.LVL39:
 593 003e 5460     		str	r4, [r2, #4]
 320:Drivers/STM32L4xx_HAL_Driver/Src/stm32l4xx_hal_i2c_ex.c **** }
 594              		.loc 1 320 0
 595 0040 02B0     		add	sp, sp, #8
 596              	.LCFI9:
 597              		.cfi_def_cfa_offset 8
 598              		@ sp needed
 599 0042 10BD     		pop	{r4, pc}
 600              	.L51:
 601              		.align	2
 602              	.L50:
 603 0044 0000AAAA 		.word	-1431699456
 604 0048 0008AAAA 		.word	-1431697408
 605 004c 00000000 		.word	.LC0
 606 0050 00100240 		.word	1073876992
 607 0054 00000140 		.word	1073807360
 608              		.cfi_endproc
 609              	.LFE289:
 611              		.section	.rodata.HAL_I2CEx_ConfigAnalogFilter.str1.4,"aMS",%progbits,1
 612              		.align	2
 613              	.LC0:
 614 0000 44726976 		.ascii	"Drivers/STM32L4xx_HAL_Driver/Src/stm32l4xx_hal_i2c_"
 614      6572732F 
 614      53544D33 
ARM GAS  /tmp/ccRrPvd1.s 			page 18


 614      324C3478 
 614      785F4841 
 615 0033 65782E63 		.ascii	"ex.c\000"
 615      00
 616              		.text
 617              	.Letext0:
 618              		.file 2 "/usr/include/newlib/machine/_default_types.h"
 619              		.file 3 "/usr/include/newlib/sys/_stdint.h"
 620              		.file 4 "Drivers/CMSIS/Include/core_cm4.h"
 621              		.file 5 "Drivers/CMSIS/Device/ST/STM32L4xx/Include/system_stm32l4xx.h"
 622              		.file 6 "Drivers/CMSIS/Device/ST/STM32L4xx/Include/stm32l433xx.h"
 623              		.file 7 "Drivers/STM32L4xx_HAL_Driver/Inc/stm32l4xx_hal_def.h"
 624              		.file 8 "Drivers/STM32L4xx_HAL_Driver/Inc/stm32l4xx_hal_dma.h"
 625              		.file 9 "Drivers/STM32L4xx_HAL_Driver/Inc/stm32l4xx_hal_flash.h"
 626              		.file 10 "Drivers/STM32L4xx_HAL_Driver/Inc/stm32l4xx_hal_i2c.h"
 627              		.file 11 "Drivers/STM32L4xx_HAL_Driver/Inc/stm32l4xx_hal.h"
 628              		.file 12 "Inc/stm32l4xx_hal_conf.h"
ARM GAS  /tmp/ccRrPvd1.s 			page 19


DEFINED SYMBOLS
                            *ABS*:0000000000000000 stm32l4xx_hal_i2c_ex.c
     /tmp/ccRrPvd1.s:18     .text.HAL_I2CEx_ConfigAnalogFilter:0000000000000000 $t
     /tmp/ccRrPvd1.s:25     .text.HAL_I2CEx_ConfigAnalogFilter:0000000000000000 HAL_I2CEx_ConfigAnalogFilter
     /tmp/ccRrPvd1.s:133    .text.HAL_I2CEx_ConfigAnalogFilter:0000000000000090 $d
     /tmp/ccRrPvd1.s:139    .text.HAL_I2CEx_ConfigDigitalFilter:0000000000000000 $t
     /tmp/ccRrPvd1.s:146    .text.HAL_I2CEx_ConfigDigitalFilter:0000000000000000 HAL_I2CEx_ConfigDigitalFilter
     /tmp/ccRrPvd1.s:254    .text.HAL_I2CEx_ConfigDigitalFilter:000000000000008c $d
     /tmp/ccRrPvd1.s:260    .text.HAL_I2CEx_EnableWakeUp:0000000000000000 $t
     /tmp/ccRrPvd1.s:267    .text.HAL_I2CEx_EnableWakeUp:0000000000000000 HAL_I2CEx_EnableWakeUp
     /tmp/ccRrPvd1.s:353    .text.HAL_I2CEx_EnableWakeUp:0000000000000078 $d
     /tmp/ccRrPvd1.s:359    .text.HAL_I2CEx_DisableWakeUp:0000000000000000 $t
     /tmp/ccRrPvd1.s:366    .text.HAL_I2CEx_DisableWakeUp:0000000000000000 HAL_I2CEx_DisableWakeUp
     /tmp/ccRrPvd1.s:452    .text.HAL_I2CEx_DisableWakeUp:0000000000000078 $d
     /tmp/ccRrPvd1.s:458    .text.HAL_I2CEx_EnableFastModePlus:0000000000000000 $t
     /tmp/ccRrPvd1.s:465    .text.HAL_I2CEx_EnableFastModePlus:0000000000000000 HAL_I2CEx_EnableFastModePlus
     /tmp/ccRrPvd1.s:526    .text.HAL_I2CEx_EnableFastModePlus:0000000000000044 $d
     /tmp/ccRrPvd1.s:535    .text.HAL_I2CEx_DisableFastModePlus:0000000000000000 $t
     /tmp/ccRrPvd1.s:542    .text.HAL_I2CEx_DisableFastModePlus:0000000000000000 HAL_I2CEx_DisableFastModePlus
     /tmp/ccRrPvd1.s:603    .text.HAL_I2CEx_DisableFastModePlus:0000000000000044 $d
     /tmp/ccRrPvd1.s:612    .rodata.HAL_I2CEx_ConfigAnalogFilter.str1.4:0000000000000000 $d
                     .debug_frame:0000000000000010 $d

UNDEFINED SYMBOLS
assert_failed
