ARM GAS  /tmp/cc10qmpi.s 			page 1


   1              		.cpu cortex-m4
   2              		.eabi_attribute 27, 1
   3              		.eabi_attribute 28, 1
   4              		.eabi_attribute 20, 1
   5              		.eabi_attribute 21, 1
   6              		.eabi_attribute 23, 3
   7              		.eabi_attribute 24, 1
   8              		.eabi_attribute 25, 1
   9              		.eabi_attribute 26, 1
  10              		.eabi_attribute 30, 1
  11              		.eabi_attribute 34, 1
  12              		.eabi_attribute 18, 4
  13              		.file	"stm32l4xx_hal_msp.c"
  14              		.text
  15              	.Ltext0:
  16              		.cfi_sections	.debug_frame
  17              		.section	.text.HAL_MspInit,"ax",%progbits
  18              		.align	1
  19              		.global	HAL_MspInit
  20              		.syntax unified
  21              		.thumb
  22              		.thumb_func
  23              		.fpu fpv4-sp-d16
  25              	HAL_MspInit:
  26              	.LFB284:
  27              		.file 1 "HAL/stm32l4xx_hal_msp.c"
   1:HAL/stm32l4xx_hal_msp.c **** /* USER CODE BEGIN Header */
   2:HAL/stm32l4xx_hal_msp.c **** /**
   3:HAL/stm32l4xx_hal_msp.c ****   ******************************************************************************
   4:HAL/stm32l4xx_hal_msp.c ****   * File Name          : stm32l4xx_hal_msp.c
   5:HAL/stm32l4xx_hal_msp.c ****   * Description        : This file provides code for the MSP Initialization 
   6:HAL/stm32l4xx_hal_msp.c ****   *                      and de-Initialization codes.
   7:HAL/stm32l4xx_hal_msp.c ****   ******************************************************************************
   8:HAL/stm32l4xx_hal_msp.c ****   * @attention
   9:HAL/stm32l4xx_hal_msp.c ****   *
  10:HAL/stm32l4xx_hal_msp.c ****   * <h2><center>&copy; Copyright (c) 2019 STMicroelectronics.
  11:HAL/stm32l4xx_hal_msp.c ****   * All rights reserved.</center></h2>
  12:HAL/stm32l4xx_hal_msp.c ****   *
  13:HAL/stm32l4xx_hal_msp.c ****   * This software component is licensed by ST under BSD 3-Clause license,
  14:HAL/stm32l4xx_hal_msp.c ****   * the "License"; You may not use this file except in compliance with the
  15:HAL/stm32l4xx_hal_msp.c ****   * License. You may obtain a copy of the License at:
  16:HAL/stm32l4xx_hal_msp.c ****   *                        opensource.org/licenses/BSD-3-Clause
  17:HAL/stm32l4xx_hal_msp.c ****   *
  18:HAL/stm32l4xx_hal_msp.c ****   ******************************************************************************
  19:HAL/stm32l4xx_hal_msp.c ****   */
  20:HAL/stm32l4xx_hal_msp.c **** /* USER CODE END Header */
  21:HAL/stm32l4xx_hal_msp.c **** 
  22:HAL/stm32l4xx_hal_msp.c **** /* Includes ------------------------------------------------------------------*/
  23:HAL/stm32l4xx_hal_msp.c **** #include "main.h"
  24:HAL/stm32l4xx_hal_msp.c **** /* USER CODE BEGIN Includes */
  25:HAL/stm32l4xx_hal_msp.c **** 
  26:HAL/stm32l4xx_hal_msp.c **** /* USER CODE END Includes */
  27:HAL/stm32l4xx_hal_msp.c **** 
  28:HAL/stm32l4xx_hal_msp.c **** /* Private typedef -----------------------------------------------------------*/
  29:HAL/stm32l4xx_hal_msp.c **** /* USER CODE BEGIN TD */
  30:HAL/stm32l4xx_hal_msp.c **** 
  31:HAL/stm32l4xx_hal_msp.c **** /* USER CODE END TD */
ARM GAS  /tmp/cc10qmpi.s 			page 2


  32:HAL/stm32l4xx_hal_msp.c **** 
  33:HAL/stm32l4xx_hal_msp.c **** /* Private define ------------------------------------------------------------*/
  34:HAL/stm32l4xx_hal_msp.c **** /* USER CODE BEGIN Define */
  35:HAL/stm32l4xx_hal_msp.c ****  
  36:HAL/stm32l4xx_hal_msp.c **** /* USER CODE END Define */
  37:HAL/stm32l4xx_hal_msp.c **** 
  38:HAL/stm32l4xx_hal_msp.c **** /* Private macro -------------------------------------------------------------*/
  39:HAL/stm32l4xx_hal_msp.c **** /* USER CODE BEGIN Macro */
  40:HAL/stm32l4xx_hal_msp.c **** 
  41:HAL/stm32l4xx_hal_msp.c **** /* USER CODE END Macro */
  42:HAL/stm32l4xx_hal_msp.c **** 
  43:HAL/stm32l4xx_hal_msp.c **** /* Private variables ---------------------------------------------------------*/
  44:HAL/stm32l4xx_hal_msp.c **** /* USER CODE BEGIN PV */
  45:HAL/stm32l4xx_hal_msp.c **** 
  46:HAL/stm32l4xx_hal_msp.c **** /* USER CODE END PV */
  47:HAL/stm32l4xx_hal_msp.c **** 
  48:HAL/stm32l4xx_hal_msp.c **** /* Private function prototypes -----------------------------------------------*/
  49:HAL/stm32l4xx_hal_msp.c **** /* USER CODE BEGIN PFP */
  50:HAL/stm32l4xx_hal_msp.c **** 
  51:HAL/stm32l4xx_hal_msp.c **** /* USER CODE END PFP */
  52:HAL/stm32l4xx_hal_msp.c **** 
  53:HAL/stm32l4xx_hal_msp.c **** /* External functions --------------------------------------------------------*/
  54:HAL/stm32l4xx_hal_msp.c **** /* USER CODE BEGIN ExternalFunctions */
  55:HAL/stm32l4xx_hal_msp.c **** 
  56:HAL/stm32l4xx_hal_msp.c **** /* USER CODE END ExternalFunctions */
  57:HAL/stm32l4xx_hal_msp.c **** 
  58:HAL/stm32l4xx_hal_msp.c **** /* USER CODE BEGIN 0 */
  59:HAL/stm32l4xx_hal_msp.c **** 
  60:HAL/stm32l4xx_hal_msp.c **** /* USER CODE END 0 */
  61:HAL/stm32l4xx_hal_msp.c **** /**
  62:HAL/stm32l4xx_hal_msp.c ****   * Initializes the Global MSP.
  63:HAL/stm32l4xx_hal_msp.c ****   */
  64:HAL/stm32l4xx_hal_msp.c **** void HAL_MspInit(void)
  65:HAL/stm32l4xx_hal_msp.c **** {
  28              		.loc 1 65 0
  29              		.cfi_startproc
  30              		@ args = 0, pretend = 0, frame = 8
  31              		@ frame_needed = 0, uses_anonymous_args = 0
  32              		@ link register save eliminated.
  33 0000 82B0     		sub	sp, sp, #8
  34              	.LCFI0:
  35              		.cfi_def_cfa_offset 8
  36              	.LBB2:
  66:HAL/stm32l4xx_hal_msp.c ****   /* USER CODE BEGIN MspInit 0 */
  67:HAL/stm32l4xx_hal_msp.c **** 
  68:HAL/stm32l4xx_hal_msp.c ****   /* USER CODE END MspInit 0 */
  69:HAL/stm32l4xx_hal_msp.c **** 
  70:HAL/stm32l4xx_hal_msp.c ****   __HAL_RCC_SYSCFG_CLK_ENABLE();
  37              		.loc 1 70 0
  38 0002 0A4B     		ldr	r3, .L3
  39 0004 1A6E     		ldr	r2, [r3, #96]
  40 0006 42F00102 		orr	r2, r2, #1
  41 000a 1A66     		str	r2, [r3, #96]
  42 000c 1A6E     		ldr	r2, [r3, #96]
  43 000e 02F00102 		and	r2, r2, #1
  44 0012 0092     		str	r2, [sp]
  45 0014 009A     		ldr	r2, [sp]
ARM GAS  /tmp/cc10qmpi.s 			page 3


  46              	.LBE2:
  47              	.LBB3:
  71:HAL/stm32l4xx_hal_msp.c ****   __HAL_RCC_PWR_CLK_ENABLE();
  48              		.loc 1 71 0
  49 0016 9A6D     		ldr	r2, [r3, #88]
  50 0018 42F08052 		orr	r2, r2, #268435456
  51 001c 9A65     		str	r2, [r3, #88]
  52 001e 9B6D     		ldr	r3, [r3, #88]
  53 0020 03F08053 		and	r3, r3, #268435456
  54 0024 0193     		str	r3, [sp, #4]
  55 0026 019B     		ldr	r3, [sp, #4]
  56              	.LBE3:
  72:HAL/stm32l4xx_hal_msp.c **** 
  73:HAL/stm32l4xx_hal_msp.c ****   /* System interrupt init*/
  74:HAL/stm32l4xx_hal_msp.c **** 
  75:HAL/stm32l4xx_hal_msp.c ****   /* USER CODE BEGIN MspInit 1 */
  76:HAL/stm32l4xx_hal_msp.c **** 
  77:HAL/stm32l4xx_hal_msp.c ****   /* USER CODE END MspInit 1 */
  78:HAL/stm32l4xx_hal_msp.c **** }
  57              		.loc 1 78 0
  58 0028 02B0     		add	sp, sp, #8
  59              	.LCFI1:
  60              		.cfi_def_cfa_offset 0
  61              		@ sp needed
  62 002a 7047     		bx	lr
  63              	.L4:
  64              		.align	2
  65              	.L3:
  66 002c 00100240 		.word	1073876992
  67              		.cfi_endproc
  68              	.LFE284:
  70              		.text
  71              	.Letext0:
  72              		.file 2 "/usr/include/newlib/machine/_default_types.h"
  73              		.file 3 "/usr/include/newlib/sys/_stdint.h"
  74              		.file 4 "Drivers/CMSIS/Include/core_cm4.h"
  75              		.file 5 "Drivers/CMSIS/Device/ST/STM32L4xx/Include/system_stm32l4xx.h"
  76              		.file 6 "Drivers/CMSIS/Device/ST/STM32L4xx/Include/stm32l433xx.h"
  77              		.file 7 "Drivers/STM32L4xx_HAL_Driver/Inc/stm32l4xx_hal_def.h"
  78              		.file 8 "Drivers/STM32L4xx_HAL_Driver/Inc/stm32l4xx_hal_flash.h"
  79              		.file 9 "Drivers/STM32L4xx_HAL_Driver/Inc/stm32l4xx_hal.h"
ARM GAS  /tmp/cc10qmpi.s 			page 4


DEFINED SYMBOLS
                            *ABS*:0000000000000000 stm32l4xx_hal_msp.c
     /tmp/cc10qmpi.s:18     .text.HAL_MspInit:0000000000000000 $t
     /tmp/cc10qmpi.s:25     .text.HAL_MspInit:0000000000000000 HAL_MspInit
     /tmp/cc10qmpi.s:66     .text.HAL_MspInit:000000000000002c $d
                     .debug_frame:0000000000000010 $d

NO UNDEFINED SYMBOLS
